<?xml version="1.0" encoding="UTF-8" ?>
<testsuite errors="0" failures="0" hostname="NODTBSL206AG" name="com.dineshonjava.algo.AppTestCases" skipped="0" tests="3" time="0.035" timestamp="2016-10-16T20:10:59">
  <properties>
    <property name="ant.project.invoked-targets" value="test-reports" />
    <property name="java.runtime.name" value="Java(TM) SE Runtime Environment" />
    <property name="sun.boot.library.path" value="C:\Program Files (x86)\Java\jdk1.7.0_25\jre\bin" />
    <property name="java.vm.version" value="23.25-b01" />
    <property name="ant.library.dir" value="D:\personal data\apache-ant-1.9.7\lib" />
    <property name="ant.version" value="Apache Ant(TM) version 1.9.7 compiled on April 9 2016" />
    <property name="ant.java.version" value="1.7" />
    <property name="java.vm.vendor" value="Oracle Corporation" />
    <property name="java.vendor.url" value="http://java.oracle.com/" />
    <property name="path.separator" value=";" />
    <property name="java.vm.name" value="Java HotSpot(TM) Client VM" />
    <property name="file.encoding.pkg" value="sun.io" />
    <property name="user.script" value="" />
    <property name="user.country" value="US" />
    <property name="sun.java.launcher" value="SUN_STANDARD" />
    <property name="sun.os.patch.level" value="" />
    <property name="java.vm.specification.name" value="Java Virtual Machine Specification" />
    <property name="user.dir" value="D:\personal data\spring-boot-workspace\AlgoTest" />
    <property name="java.runtime.version" value="1.7.0_25-b17" />
    <property name="java.awt.graphicsenv" value="sun.awt.Win32GraphicsEnvironment" />
    <property name="basedir" value="D:\personal data\spring-boot-workspace\AlgoTest" />
    <property name="java.endorsed.dirs" value="C:\Program Files (x86)\Java\jdk1.7.0_25\jre\lib\endorsed" />
    <property name="os.arch" value="x86" />
    <property name="ant.project.default-target" value="makejar" />
    <property name="java.io.tmpdir" value="C:\Users\Dinesh\AppData\Local\Temp\" />
    <property name="ant.core.lib" value="D:\personal data\apache-ant-1.9.7\lib\ant.jar" />
    <property name="line.separator" value="&#xd;&#xa;" />
    <property name="java.vm.specification.vendor" value="Oracle Corporation" />
    <property name="user.variant" value="" />
    <property name="os.name" value="Windows 8" />
    <property name="ant.home" value="D:\personal data\apache-ant-1.9.7" />
    <property name="build.dir" value="build" />
    <property name="ant.project.name" value="AlgoTest.makejar" />
    <property name="sun.jnu.encoding" value="Cp1252" />
    <property name="java.library.path" value="C:\Program Files (x86)\Java\jdk1.7.0_25\bin;C:\Windows\Sun\Java\bin;C:\Windows\system32;C:\Windows;C:\ProgramData\Oracle\Java\javapath;C:\Program Files\Common Files\Microsoft Shared\Microsoft Online Services;C:\Program Files (x86)\Common Files\Microsoft Shared\Microsoft Online Services;C:\Program Files (x86)\Intel\iCLS Client\;C:\Program Files\Intel\iCLS Client\;C:\Windows\system32;C:\Windows;C:\Windows\System32\Wbem;C:\Windows\System32\WindowsPowerShell\v1.0\;C:\Program Files\Intel\Intel(R) Management Engine Components\DAL;C:\Program Files\Intel\Intel(R) Management Engine Components\IPT;C:\Program Files (x86)\Intel\Intel(R) Management Engine Components\DAL;C:\Program Files (x86)\Intel\Intel(R) Management Engine Components\IPT;C:\Program Files (x86)\Windows Live\Shared;C:\Program Files (x86)\Common Files\lenovo\easyplussdk\bin;C:\Program Files (x86)\Skype\Phone\;C:\Program Files (x86)\Heroku\bin;C:\Program Files (x86)\git\cmd;C:\Program Files (x86)\CloudFoundry;D:\personal data\doj-work\maven\bin;C:\Program Files (x86)\Java\jdk1.7.0_25\bin;D:\personal data\apache-ant-1.9.7;GRADLE_HOME\bin;D:\personal data\doj\spring-1.4.0.BUILD-SNAPSHOT\bin;D:\personal data\apache-ant-1.9.7\bin;." />
    <property name="java.class.version" value="51.0" />
    <property name="java.specification.name" value="Java Platform API Specification" />
    <property name="sun.management.compiler" value="HotSpot Client Compiler" />
    <property name="os.version" value="6.2" />
    <property name="ant.file" value="D:\personal data\spring-boot-workspace\AlgoTest\projectBuilder.xml" />
    <property name="user.home" value="C:\Users\Dinesh" />
    <property name="user.timezone" value="" />
    <property name="java.awt.printerjob" value="sun.awt.windows.WPrinterJob" />
    <property name="java.specification.version" value="1.7" />
    <property name="file.encoding" value="Cp1252" />
    <property name="java.class.path" value="D:\personal data\apache-ant-1.9.7\lib\ant-launcher.jar;D:\personal data\apache-ant-1.9.7\lib\ant-antlr.jar;D:\personal data\apache-ant-1.9.7\lib\ant-apache-bcel.jar;D:\personal data\apache-ant-1.9.7\lib\ant-apache-bsf.jar;D:\personal data\apache-ant-1.9.7\lib\ant-apache-log4j.jar;D:\personal data\apache-ant-1.9.7\lib\ant-apache-oro.jar;D:\personal data\apache-ant-1.9.7\lib\ant-apache-regexp.jar;D:\personal data\apache-ant-1.9.7\lib\ant-apache-resolver.jar;D:\personal data\apache-ant-1.9.7\lib\ant-apache-xalan2.jar;D:\personal data\apache-ant-1.9.7\lib\ant-commons-logging.jar;D:\personal data\apache-ant-1.9.7\lib\ant-commons-net.jar;D:\personal data\apache-ant-1.9.7\lib\ant-jai.jar;D:\personal data\apache-ant-1.9.7\lib\ant-javamail.jar;D:\personal data\apache-ant-1.9.7\lib\ant-jdepend.jar;D:\personal data\apache-ant-1.9.7\lib\ant-jmf.jar;D:\personal data\apache-ant-1.9.7\lib\ant-jsch.jar;D:\personal data\apache-ant-1.9.7\lib\ant-junit.jar;D:\personal data\apache-ant-1.9.7\lib\ant-junit4.jar;D:\personal data\apache-ant-1.9.7\lib\ant-launcher.jar;D:\personal data\apache-ant-1.9.7\lib\ant-netrexx.jar;D:\personal data\apache-ant-1.9.7\lib\ant-swing.jar;D:\personal data\apache-ant-1.9.7\lib\ant-testutil.jar;D:\personal data\apache-ant-1.9.7\lib\ant.jar;C:\Program Files (x86)\Java\jdk1.7.0_25\lib\tools.jar" />
    <property name="user.name" value="Dinesh.Rajput" />
    <property name="java.vm.specification.version" value="1.7" />
    <property name="ant.file.type.AlgoTest.makejar" value="file" />
    <property name="java.home" value="C:\Program Files (x86)\Java\jdk1.7.0_25\jre" />
    <property name="sun.java.command" value="org.apache.tools.ant.launch.Launcher -buildfile projectBuilder.xml test-reports" />
    <property name="sun.arch.data.model" value="32" />
    <property name="user.language" value="en" />
    <property name="java.specification.vendor" value="Oracle Corporation" />
    <property name="awt.toolkit" value="sun.awt.windows.WToolkit" />
    <property name="java.vm.info" value="mixed mode, sharing" />
    <property name="java.version" value="1.7.0_25" />
    <property name="java.ext.dirs" value="C:\Program Files (x86)\Java\jdk1.7.0_25\jre\lib\ext;C:\Windows\Sun\Java\lib\ext" />
    <property name="sun.boot.class.path" value="C:\Program Files (x86)\Java\jdk1.7.0_25\jre\lib\resources.jar;C:\Program Files (x86)\Java\jdk1.7.0_25\jre\lib\rt.jar;C:\Program Files (x86)\Java\jdk1.7.0_25\jre\lib\sunrsasign.jar;C:\Program Files (x86)\Java\jdk1.7.0_25\jre\lib\jsse.jar;C:\Program Files (x86)\Java\jdk1.7.0_25\jre\lib\jce.jar;C:\Program Files (x86)\Java\jdk1.7.0_25\jre\lib\charsets.jar;C:\Program Files (x86)\Java\jdk1.7.0_25\jre\lib\jfr.jar;C:\Program Files (x86)\Java\jdk1.7.0_25\jre\classes" />
    <property name="java.vendor" value="Oracle Corporation" />
    <property name="ant.file.AlgoTest.makejar" value="D:\personal data\spring-boot-workspace\AlgoTest\projectBuilder.xml" />
    <property name="file.separator" value="\" />
    <property name="java.vendor.url.bug" value="http://bugreport.sun.com/bugreport/" />
    <property name="sun.io.unicode.encoding" value="UnicodeLittle" />
    <property name="sun.cpu.endian" value="little" />
    <property name="ant.file.type" value="file" />
    <property name="sun.desktop" value="windows" />
    <property name="sun.cpu.isalist" value="pentium_pro+mmx pentium_pro pentium+mmx pentium i486 i386 i86" />
  </properties>
  <testcase classname="com.dineshonjava.algo.AppTestCases" name="add" time="0.001" />
  <testcase classname="com.dineshonjava.algo.AppTestCases" name="mult" time="0.0" />
  <testcase classname="com.dineshonjava.algo.AppTestCases" name="subs" time="0.0" />
  <system-out><![CDATA[]]></system-out>
  <system-err><![CDATA[]]></system-err>
</testsuite>
